  [4;36;1mSQL (0.000293)[0m   [0;1mselect sqlite_version(*)[0m
  [4;35;1mSQL (0.011082)[0m   [0mCREATE TABLE schema_info (version integer)[0m
  [4;36;1mSQL (0.003913)[0m   [0;1mINSERT INTO schema_info (version) VALUES(0)[0m
  [4;35;1mSQL (0.001017)[0m   [0mSELECT * FROM schema_info[0m
  [4;36;1mSQL (0.000291)[0m   [0;1m SELECT name
 FROM sqlite_master
 WHERE type = 'table' AND NOT name = 'sqlite_sequence'
[0m
  [4;35;1mSQL (0.000238)[0m   [0mselect sqlite_version(*)[0m
  [4;36;1mSQL (0.004133)[0m   [0;1mCREATE TABLE schema_info (version integer)[0m
  [4;35;1mSQL (0.003803)[0m   [0mINSERT INTO schema_info (version) VALUES(0)[0m
  [4;36;1mSQL (0.004116)[0m   [0;1mUPDATE schema_info SET version = 0[0m
  [4;36;1mSQL (0.000265)[0m   [0;1mselect sqlite_version(*)[0m
  [4;35;1mSQL (0.000000)[0m   [0mSQLite3::SQLException: table schema_info already exists: CREATE TABLE schema_info (version integer)[0m
  [4;36;1mSQL (0.000250)[0m   [0;1mSELECT * FROM schema_info[0m
  [4;35;1mSQL (0.000509)[0m   [0m SELECT name
 FROM sqlite_master
 WHERE type = 'table' AND NOT name = 'sqlite_sequence'
[0m
  [4;36;1mSQL (0.000237)[0m   [0;1mselect sqlite_version(*)[0m
  [4;35;1mSQL (0.004674)[0m   [0mCREATE TABLE schema_info (version integer)[0m
  [4;36;1mSQL (0.003856)[0m   [0;1mINSERT INTO schema_info (version) VALUES(0)[0m
  [4;35;1mSQL (0.003851)[0m   [0mUPDATE schema_info SET version = 0[0m
  [4;36;1mSQL (0.000400)[0m   [0;1mselect sqlite_version(*)[0m
  [4;35;1mSQL (0.000000)[0m   [0mSQLite3::SQLException: table schema_info already exists: CREATE TABLE schema_info (version integer)[0m
  [4;36;1mSQL (0.000337)[0m   [0;1mSELECT * FROM schema_info[0m
  [4;35;1mSQL (0.000301)[0m   [0m SELECT name
 FROM sqlite_master
 WHERE type = 'table' AND NOT name = 'sqlite_sequence'
[0m
  [4;36;1mSQL (0.000234)[0m   [0;1mselect sqlite_version(*)[0m
  [4;35;1mSQL (0.003361)[0m   [0mCREATE TABLE schema_info (version integer)[0m
  [4;36;1mSQL (0.002333)[0m   [0;1mINSERT INTO schema_info (version) VALUES(0)[0m
  [4;35;1mSQL (0.002426)[0m   [0mUPDATE schema_info SET version = 0[0m
  [4;36;1mSQL (0.000267)[0m   [0;1mselect sqlite_version(*)[0m
  [4;35;1mSQL (0.000000)[0m   [0mSQLite3::SQLException: table schema_info already exists: CREATE TABLE schema_info (version integer)[0m
  [4;36;1mSQL (0.000240)[0m   [0;1mSELECT * FROM schema_info[0m
  [4;35;1mSQL (0.000227)[0m   [0m SELECT name
 FROM sqlite_master
 WHERE type = 'table' AND NOT name = 'sqlite_sequence'
[0m
  [4;36;1mSQL (0.000242)[0m   [0;1mselect sqlite_version(*)[0m
  [4;35;1mSQL (0.005059)[0m   [0mCREATE TABLE schema_info (version integer)[0m
  [4;36;1mSQL (0.004042)[0m   [0;1mINSERT INTO schema_info (version) VALUES(0)[0m
  [4;35;1mSQL (0.003277)[0m   [0mUPDATE schema_info SET version = 0[0m
  [4;36;1mSQL (0.000315)[0m   [0;1mselect sqlite_version(*)[0m
  [4;35;1mSQL (0.000000)[0m   [0mSQLite3::SQLException: table schema_info already exists: CREATE TABLE schema_info (version integer)[0m
  [4;36;1mSQL (0.000288)[0m   [0;1mSELECT * FROM schema_info[0m
  [4;35;1mSQL (0.000244)[0m   [0m SELECT name
 FROM sqlite_master
 WHERE type = 'table' AND NOT name = 'sqlite_sequence'
[0m
  [4;36;1mSQL (0.000457)[0m   [0;1mselect sqlite_version(*)[0m
  [4;35;1mSQL (0.005913)[0m   [0mCREATE TABLE schema_info (version integer)[0m
  [4;36;1mSQL (0.003874)[0m   [0;1mINSERT INTO schema_info (version) VALUES(0)[0m
  [4;35;1mSQL (0.003745)[0m   [0mUPDATE schema_info SET version = 0[0m
  [4;36;1mSQL (0.000288)[0m   [0;1mselect sqlite_version(*)[0m
  [4;35;1mSQL (0.000000)[0m   [0mSQLite3::SQLException: table schema_info already exists: CREATE TABLE schema_info (version integer)[0m
  [4;36;1mSQL (0.000345)[0m   [0;1mSELECT * FROM schema_info[0m
  [4;35;1mSQL (0.000253)[0m   [0m SELECT name
 FROM sqlite_master
 WHERE type = 'table' AND NOT name = 'sqlite_sequence'
[0m
  [4;36;1mSQL (0.000239)[0m   [0;1mselect sqlite_version(*)[0m
  [4;35;1mSQL (0.003691)[0m   [0mCREATE TABLE schema_info (version integer)[0m
  [4;36;1mSQL (0.003246)[0m   [0;1mINSERT INTO schema_info (version) VALUES(0)[0m
  [4;35;1mSQL (0.004188)[0m   [0mUPDATE schema_info SET version = 0[0m
  [4;36;1mSQL (0.000263)[0m   [0;1mselect sqlite_version(*)[0m
  [4;35;1mSQL (0.000000)[0m   [0mSQLite3::SQLException: table schema_info already exists: CREATE TABLE schema_info (version integer)[0m
  [4;36;1mSQL (0.000311)[0m   [0;1mSELECT * FROM schema_info[0m
  [4;35;1mSQL (0.000504)[0m   [0m SELECT name
 FROM sqlite_master
 WHERE type = 'table' AND NOT name = 'sqlite_sequence'
[0m
  [4;36;1mSQL (0.000224)[0m   [0;1mselect sqlite_version(*)[0m
  [4;35;1mSQL (0.004533)[0m   [0mCREATE TABLE schema_info (version integer)[0m
  [4;36;1mSQL (0.004347)[0m   [0;1mINSERT INTO schema_info (version) VALUES(0)[0m
  [4;35;1mSQL (0.002962)[0m   [0mUPDATE schema_info SET version = 0[0m
  [4;36;1mSQL (0.000293)[0m   [0;1mselect sqlite_version(*)[0m
  [4;35;1mSQL (0.000000)[0m   [0mSQLite3::SQLException: table schema_info already exists: CREATE TABLE schema_info (version integer)[0m
  [4;36;1mSQL (0.000267)[0m   [0;1mSELECT * FROM schema_info[0m
  [4;35;1mSQL (0.000230)[0m   [0m SELECT name
 FROM sqlite_master
 WHERE type = 'table' AND NOT name = 'sqlite_sequence'
[0m
  [4;36;1mSQL (0.000254)[0m   [0;1mselect sqlite_version(*)[0m
  [4;35;1mSQL (0.006079)[0m   [0mCREATE TABLE schema_info (version integer)[0m
  [4;36;1mSQL (0.002625)[0m   [0;1mINSERT INTO schema_info (version) VALUES(0)[0m
  [4;35;1mSQL (0.003640)[0m   [0mUPDATE schema_info SET version = 0[0m
  [4;36;1mSQL (0.000263)[0m   [0;1mselect sqlite_version(*)[0m
  [4;35;1mSQL (0.000000)[0m   [0mSQLite3::SQLException: table schema_info already exists: CREATE TABLE schema_info (version integer)[0m
  [4;36;1mSQL (0.000271)[0m   [0;1mSELECT * FROM schema_info[0m
  [4;35;1mSQL (0.000232)[0m   [0m SELECT name
 FROM sqlite_master
 WHERE type = 'table' AND NOT name = 'sqlite_sequence'
[0m
  [4;36;1mSQL (0.000231)[0m   [0;1mselect sqlite_version(*)[0m
  [4;35;1mSQL (0.041354)[0m   [0mCREATE TABLE schema_info (version integer)[0m
  [4;36;1mSQL (0.015771)[0m   [0;1mINSERT INTO schema_info (version) VALUES(0)[0m
  [4;35;1mSQL (0.005672)[0m   [0mUPDATE schema_info SET version = 0[0m
  [4;36;1mSQL (0.000512)[0m   [0;1mselect sqlite_version(*)[0m
  [4;35;1mSQL (0.000000)[0m   [0mSQLite3::SQLException: table schema_info already exists: CREATE TABLE schema_info (version integer)[0m
  [4;36;1mSQL (0.000508)[0m   [0;1mSELECT * FROM schema_info[0m
  [4;35;1mSQL (0.000477)[0m   [0m SELECT name
 FROM sqlite_master
 WHERE type = 'table' AND NOT name = 'sqlite_sequence'
[0m
  [4;36;1mSQL (0.000375)[0m   [0;1mselect sqlite_version(*)[0m
  [4;35;1mSQL (0.003789)[0m   [0mCREATE TABLE schema_info (version integer)[0m
  [4;36;1mSQL (0.003290)[0m   [0;1mINSERT INTO schema_info (version) VALUES(0)[0m
  [4;35;1mSQL (0.002970)[0m   [0mUPDATE schema_info SET version = 0[0m
  [4;36;1mSQL (0.000284)[0m   [0;1mselect sqlite_version(*)[0m
  [4;35;1mSQL (0.000000)[0m   [0mSQLite3::SQLException: table schema_info already exists: CREATE TABLE schema_info (version integer)[0m
  [4;36;1mSQL (0.000251)[0m   [0;1mSELECT * FROM schema_info[0m
  [4;35;1mSQL (0.000226)[0m   [0m SELECT name
 FROM sqlite_master
 WHERE type = 'table' AND NOT name = 'sqlite_sequence'
[0m
  [4;36;1mSQL (0.000240)[0m   [0;1mselect sqlite_version(*)[0m
  [4;35;1mSQL (0.004584)[0m   [0mCREATE TABLE schema_info (version integer)[0m
  [4;36;1mSQL (0.003831)[0m   [0;1mINSERT INTO schema_info (version) VALUES(0)[0m
  [4;35;1mSQL (0.003913)[0m   [0mUPDATE schema_info SET version = 0[0m
  [4;36;1mSQL (0.000294)[0m   [0;1mselect sqlite_version(*)[0m
  [4;35;1mSQL (0.000000)[0m   [0mSQLite3::SQLException: table schema_info already exists: CREATE TABLE schema_info (version integer)[0m
  [4;36;1mSQL (0.000255)[0m   [0;1mSELECT * FROM schema_info[0m
  [4;35;1mSQL (0.000251)[0m   [0m SELECT name
 FROM sqlite_master
 WHERE type = 'table' AND NOT name = 'sqlite_sequence'
[0m
  [4;36;1mSQL (0.000231)[0m   [0;1mselect sqlite_version(*)[0m
  [4;35;1mSQL (0.003887)[0m   [0mCREATE TABLE schema_info (version integer)[0m
  [4;36;1mSQL (0.003321)[0m   [0;1mINSERT INTO schema_info (version) VALUES(0)[0m
  [4;35;1mSQL (0.003793)[0m   [0mUPDATE schema_info SET version = 0[0m
  [4;36;1mSQL (0.000271)[0m   [0;1mselect sqlite_version(*)[0m
  [4;35;1mSQL (0.000000)[0m   [0mSQLite3::SQLException: table schema_info already exists: CREATE TABLE schema_info (version integer)[0m
  [4;36;1mSQL (0.000282)[0m   [0;1mSELECT * FROM schema_info[0m
  [4;35;1mSQL (0.000240)[0m   [0m SELECT name
 FROM sqlite_master
 WHERE type = 'table' AND NOT name = 'sqlite_sequence'
[0m
  [4;36;1mSQL (0.000253)[0m   [0;1mselect sqlite_version(*)[0m
  [4;35;1mSQL (0.004472)[0m   [0mCREATE TABLE schema_info (version integer)[0m
  [4;36;1mSQL (0.004811)[0m   [0;1mINSERT INTO schema_info (version) VALUES(0)[0m
  [4;35;1mSQL (0.003104)[0m   [0mUPDATE schema_info SET version = 0[0m
  [4;36;1mSQL (0.000264)[0m   [0;1mselect sqlite_version(*)[0m
  [4;35;1mSQL (0.000000)[0m   [0mSQLite3::SQLException: table schema_info already exists: CREATE TABLE schema_info (version integer)[0m
  [4;36;1mSQL (0.000242)[0m   [0;1mSELECT * FROM schema_info[0m
  [4;35;1mSQL (0.000226)[0m   [0m SELECT name
 FROM sqlite_master
 WHERE type = 'table' AND NOT name = 'sqlite_sequence'
[0m
  [4;36;1mSQL (0.000339)[0m   [0;1mselect sqlite_version(*)[0m
  [4;35;1mSQL (0.004039)[0m   [0mCREATE TABLE schema_info (version integer)[0m
  [4;36;1mSQL (0.002870)[0m   [0;1mINSERT INTO schema_info (version) VALUES(0)[0m
  [4;35;1mSQL (0.002952)[0m   [0mUPDATE schema_info SET version = 0[0m
  [4;36;1mSQL (0.000261)[0m   [0;1mselect sqlite_version(*)[0m
  [4;35;1mSQL (0.000000)[0m   [0mSQLite3::SQLException: table schema_info already exists: CREATE TABLE schema_info (version integer)[0m
  [4;36;1mSQL (0.000253)[0m   [0;1mSELECT * FROM schema_info[0m
  [4;35;1mSQL (0.000229)[0m   [0m SELECT name
 FROM sqlite_master
 WHERE type = 'table' AND NOT name = 'sqlite_sequence'
[0m
  [4;36;1mSQL (0.000279)[0m   [0;1mselect sqlite_version(*)[0m
  [4;35;1mSQL (0.003779)[0m   [0mCREATE TABLE schema_info (version integer)[0m
  [4;36;1mSQL (0.003969)[0m   [0;1mINSERT INTO schema_info (version) VALUES(0)[0m
  [4;35;1mSQL (0.006437)[0m   [0mUPDATE schema_info SET version = 0[0m
  [4;36;1mSQL (0.000571)[0m   [0;1mselect sqlite_version(*)[0m
  [4;35;1mSQL (0.000000)[0m   [0mSQLite3::SQLException: table schema_info already exists: CREATE TABLE schema_info (version integer)[0m
  [4;36;1mSQL (0.000415)[0m   [0;1mSELECT * FROM schema_info[0m
  [4;35;1mSQL (0.000227)[0m   [0m SELECT name
 FROM sqlite_master
 WHERE type = 'table' AND NOT name = 'sqlite_sequence'
[0m
  [4;36;1mSQL (0.000208)[0m   [0;1mselect sqlite_version(*)[0m
  [4;35;1mSQL (0.004111)[0m   [0mCREATE TABLE schema_info (version integer)[0m
  [4;36;1mSQL (0.003197)[0m   [0;1mINSERT INTO schema_info (version) VALUES(0)[0m
  [4;35;1mSQL (0.004155)[0m   [0mUPDATE schema_info SET version = 0[0m
  [4;36;1mSQL (0.000269)[0m   [0;1mselect sqlite_version(*)[0m
  [4;35;1mSQL (0.000000)[0m   [0mSQLite3::SQLException: table schema_info already exists: CREATE TABLE schema_info (version integer)[0m
  [4;36;1mSQL (0.000263)[0m   [0;1mSELECT * FROM schema_info[0m
  [4;35;1mSQL (0.000221)[0m   [0m SELECT name
 FROM sqlite_master
 WHERE type = 'table' AND NOT name = 'sqlite_sequence'
[0m
  [4;36;1mSQL (0.000213)[0m   [0;1mselect sqlite_version(*)[0m
  [4;35;1mSQL (0.004846)[0m   [0mCREATE TABLE schema_info (version integer)[0m
  [4;36;1mSQL (0.004400)[0m   [0;1mINSERT INTO schema_info (version) VALUES(0)[0m
  [4;35;1mSQL (0.003333)[0m   [0mUPDATE schema_info SET version = 0[0m
  [4;36;1mSQL (0.000393)[0m   [0;1mselect sqlite_version(*)[0m
  [4;35;1mSQL (0.000000)[0m   [0mSQLite3::SQLException: table schema_info already exists: CREATE TABLE schema_info (version integer)[0m
  [4;36;1mSQL (0.000327)[0m   [0;1mSELECT * FROM schema_info[0m
  [4;35;1mSQL (0.000282)[0m   [0m SELECT name
 FROM sqlite_master
 WHERE type = 'table' AND NOT name = 'sqlite_sequence'
[0m
  [4;36;1mSQL (0.000531)[0m   [0;1mselect sqlite_version(*)[0m
  [4;35;1mSQL (0.004179)[0m   [0mCREATE TABLE schema_info (version integer)[0m
  [4;36;1mSQL (0.003691)[0m   [0;1mINSERT INTO schema_info (version) VALUES(0)[0m
  [4;35;1mSQL (0.003509)[0m   [0mUPDATE schema_info SET version = 0[0m
  [4;36;1mSQL (0.000292)[0m   [0;1mselect sqlite_version(*)[0m
  [4;35;1mSQL (0.000000)[0m   [0mSQLite3::SQLException: table schema_info already exists: CREATE TABLE schema_info (version integer)[0m
  [4;36;1mSQL (0.000295)[0m   [0;1mSELECT * FROM schema_info[0m
  [4;35;1mSQL (0.000222)[0m   [0m SELECT name
 FROM sqlite_master
 WHERE type = 'table' AND NOT name = 'sqlite_sequence'
[0m
  [4;36;1mSQL (0.000277)[0m   [0;1mselect sqlite_version(*)[0m
  [4;35;1mSQL (0.004314)[0m   [0mCREATE TABLE schema_info (version integer)[0m
  [4;36;1mSQL (0.002284)[0m   [0;1mINSERT INTO schema_info (version) VALUES(0)[0m
  [4;35;1mSQL (0.003406)[0m   [0mUPDATE schema_info SET version = 0[0m
  [4;36;1mSQL (0.000359)[0m   [0;1mselect sqlite_version(*)[0m
  [4;35;1mSQL (0.000000)[0m   [0mSQLite3::SQLException: table schema_info already exists: CREATE TABLE schema_info (version integer)[0m
  [4;36;1mSQL (0.000253)[0m   [0;1mSELECT * FROM schema_info[0m
  [4;35;1mSQL (0.000220)[0m   [0m SELECT name
 FROM sqlite_master
 WHERE type = 'table' AND NOT name = 'sqlite_sequence'
[0m
  [4;36;1mSQL (0.000212)[0m   [0;1mselect sqlite_version(*)[0m
  [4;35;1mSQL (0.004272)[0m   [0mCREATE TABLE schema_info (version integer)[0m
  [4;36;1mSQL (0.003869)[0m   [0;1mINSERT INTO schema_info (version) VALUES(0)[0m
  [4;35;1mSQL (0.004093)[0m   [0mUPDATE schema_info SET version = 0[0m
  [4;36;1mSQL (0.000257)[0m   [0;1mselect sqlite_version(*)[0m
  [4;35;1mSQL (0.000000)[0m   [0mSQLite3::SQLException: table schema_info already exists: CREATE TABLE schema_info (version integer)[0m
  [4;36;1mSQL (0.000521)[0m   [0;1mSELECT * FROM schema_info[0m
  [4;35;1mSQL (0.000517)[0m   [0m SELECT name
 FROM sqlite_master
 WHERE type = 'table' AND NOT name = 'sqlite_sequence'
[0m
  [4;36;1mSQL (0.000227)[0m   [0;1mselect sqlite_version(*)[0m
  [4;35;1mSQL (0.004891)[0m   [0mCREATE TABLE schema_info (version integer)[0m
  [4;36;1mSQL (0.003966)[0m   [0;1mINSERT INTO schema_info (version) VALUES(0)[0m
  [4;35;1mSQL (0.003636)[0m   [0mUPDATE schema_info SET version = 0[0m
  [4;36;1mSQL (0.000259)[0m   [0;1mselect sqlite_version(*)[0m
  [4;35;1mSQL (0.000000)[0m   [0mSQLite3::SQLException: table schema_info already exists: CREATE TABLE schema_info (version integer)[0m
  [4;36;1mSQL (0.000520)[0m   [0;1mSELECT * FROM schema_info[0m
  [4;35;1mSQL (0.000486)[0m   [0m SELECT name
 FROM sqlite_master
 WHERE type = 'table' AND NOT name = 'sqlite_sequence'
[0m
  [4;36;1mSQL (0.000414)[0m   [0;1mselect sqlite_version(*)[0m
  [4;35;1mSQL (0.005080)[0m   [0mCREATE TABLE schema_info (version integer)[0m
  [4;36;1mSQL (0.003998)[0m   [0;1mINSERT INTO schema_info (version) VALUES(0)[0m
  [4;35;1mSQL (0.003728)[0m   [0mUPDATE schema_info SET version = 0[0m
  [4;36;1mSQL (0.000259)[0m   [0;1mselect sqlite_version(*)[0m
  [4;35;1mSQL (0.000000)[0m   [0mSQLite3::SQLException: table schema_info already exists: CREATE TABLE schema_info (version integer)[0m
  [4;36;1mSQL (0.000266)[0m   [0;1mSELECT * FROM schema_info[0m
  [4;35;1mSQL (0.000220)[0m   [0m SELECT name
 FROM sqlite_master
 WHERE type = 'table' AND NOT name = 'sqlite_sequence'
[0m
  [4;36;1mSQL (0.000568)[0m   [0;1mselect sqlite_version(*)[0m
  [4;35;1mSQL (0.004558)[0m   [0mCREATE TABLE schema_info (version integer)[0m
  [4;36;1mSQL (0.003639)[0m   [0;1mINSERT INTO schema_info (version) VALUES(0)[0m
  [4;35;1mSQL (0.003308)[0m   [0mUPDATE schema_info SET version = 0[0m
  [4;36;1mSQL (0.000239)[0m   [0;1mselect sqlite_version(*)[0m
  [4;35;1mSQL (0.000000)[0m   [0mSQLite3::SQLException: table schema_info already exists: CREATE TABLE schema_info (version integer)[0m
  [4;36;1mSQL (0.000501)[0m   [0;1mSELECT * FROM schema_info[0m
  [4;35;1mSQL (0.000483)[0m   [0m SELECT name
 FROM sqlite_master
 WHERE type = 'table' AND NOT name = 'sqlite_sequence'
[0m
  [4;36;1mSQL (0.000279)[0m   [0;1mselect sqlite_version(*)[0m
  [4;35;1mSQL (0.004904)[0m   [0mCREATE TABLE schema_info (version integer)[0m
  [4;36;1mSQL (0.003930)[0m   [0;1mINSERT INTO schema_info (version) VALUES(0)[0m
  [4;35;1mSQL (0.003533)[0m   [0mUPDATE schema_info SET version = 0[0m
  [4;36;1mSQL (0.000346)[0m   [0;1mselect sqlite_version(*)[0m
  [4;35;1mSQL (0.000000)[0m   [0mSQLite3::SQLException: table schema_info already exists: CREATE TABLE schema_info (version integer)[0m
  [4;36;1mSQL (0.000352)[0m   [0;1mSELECT * FROM schema_info[0m
  [4;35;1mSQL (0.000288)[0m   [0m SELECT name
 FROM sqlite_master
 WHERE type = 'table' AND NOT name = 'sqlite_sequence'
[0m
  [4;36;1mSQL (0.000304)[0m   [0;1mselect sqlite_version(*)[0m
  [4;35;1mSQL (0.005065)[0m   [0mCREATE TABLE schema_info (version integer)[0m
  [4;36;1mSQL (0.004428)[0m   [0;1mINSERT INTO schema_info (version) VALUES(0)[0m
  [4;35;1mSQL (0.002203)[0m   [0mUPDATE schema_info SET version = 0[0m
  [4;36;1mSQL (0.000286)[0m   [0;1mselect sqlite_version(*)[0m
  [4;35;1mSQL (0.000000)[0m   [0mSQLite3::SQLException: table schema_info already exists: CREATE TABLE schema_info (version integer)[0m
  [4;36;1mSQL (0.000541)[0m   [0;1mSELECT * FROM schema_info[0m
  [4;35;1mSQL (0.000490)[0m   [0m SELECT name
 FROM sqlite_master
 WHERE type = 'table' AND NOT name = 'sqlite_sequence'
[0m
  [4;36;1mSQL (0.000291)[0m   [0;1mselect sqlite_version(*)[0m
  [4;35;1mSQL (0.003598)[0m   [0mCREATE TABLE schema_info (version integer)[0m
  [4;36;1mSQL (0.003531)[0m   [0;1mINSERT INTO schema_info (version) VALUES(0)[0m
  [4;35;1mSQL (0.003188)[0m   [0mUPDATE schema_info SET version = 0[0m
  [4;36;1mSQL (0.000247)[0m   [0;1mselect sqlite_version(*)[0m
  [4;35;1mSQL (0.000000)[0m   [0mSQLite3::SQLException: table schema_info already exists: CREATE TABLE schema_info (version integer)[0m
  [4;36;1mSQL (0.000231)[0m   [0;1mSELECT * FROM schema_info[0m
  [4;35;1mSQL (0.000216)[0m   [0m SELECT name
 FROM sqlite_master
 WHERE type = 'table' AND NOT name = 'sqlite_sequence'
[0m
  [4;36;1mSQL (0.000182)[0m   [0;1mselect sqlite_version(*)[0m
  [4;35;1mSQL (0.008854)[0m   [0mCREATE TABLE schema_info (version integer)[0m
  [4;36;1mSQL (0.003108)[0m   [0;1mINSERT INTO schema_info (version) VALUES(0)[0m
  [4;35;1mSQL (0.003341)[0m   [0mUPDATE schema_info SET version = 0[0m
  [4;36;1mSQL (0.000355)[0m   [0;1mselect sqlite_version(*)[0m
  [4;35;1mSQL (0.000000)[0m   [0mSQLite3::SQLException: table schema_info already exists: CREATE TABLE schema_info (version integer)[0m
  [4;36;1mSQL (0.000340)[0m   [0;1mSELECT * FROM schema_info[0m
  [4;35;1mSQL (0.000336)[0m   [0m SELECT name
 FROM sqlite_master
 WHERE type = 'table' AND NOT name = 'sqlite_sequence'
[0m
  [4;36;1mSQL (0.000227)[0m   [0;1mselect sqlite_version(*)[0m
  [4;35;1mSQL (0.006244)[0m   [0mCREATE TABLE schema_info (version integer)[0m
  [4;36;1mSQL (0.002853)[0m   [0;1mINSERT INTO schema_info (version) VALUES(0)[0m
  [4;35;1mSQL (0.002842)[0m   [0mUPDATE schema_info SET version = 0[0m
  [4;36;1mSQL (0.000254)[0m   [0;1mselect sqlite_version(*)[0m
  [4;35;1mSQL (0.000000)[0m   [0mSQLite3::SQLException: table schema_info already exists: CREATE TABLE schema_info (version integer)[0m
  [4;36;1mSQL (0.000257)[0m   [0;1mSELECT * FROM schema_info[0m
  [4;35;1mSQL (0.000227)[0m   [0m SELECT name
 FROM sqlite_master
 WHERE type = 'table' AND NOT name = 'sqlite_sequence'
[0m
  [4;36;1mSQL (0.000204)[0m   [0;1mselect sqlite_version(*)[0m
  [4;35;1mSQL (0.287715)[0m   [0mCREATE TABLE schema_info (version integer)[0m
  [4;36;1mSQL (0.005398)[0m   [0;1mINSERT INTO schema_info (version) VALUES(0)[0m
  [4;35;1mSQL (0.004105)[0m   [0mUPDATE schema_info SET version = 0[0m
  [4;36;1mSQL (0.000255)[0m   [0;1mselect sqlite_version(*)[0m
  [4;35;1mSQL (0.000000)[0m   [0mSQLite3::SQLException: table schema_info already exists: CREATE TABLE schema_info (version integer)[0m
  [4;36;1mSQL (0.000520)[0m   [0;1mSELECT * FROM schema_info[0m
  [4;35;1mSQL (0.000488)[0m   [0m SELECT name
 FROM sqlite_master
 WHERE type = 'table' AND NOT name = 'sqlite_sequence'
[0m
  [4;36;1mSQL (0.000311)[0m   [0;1mselect sqlite_version(*)[0m
  [4;35;1mSQL (0.003045)[0m   [0mCREATE TABLE schema_info (version integer)[0m
  [4;36;1mSQL (0.002102)[0m   [0;1mINSERT INTO schema_info (version) VALUES(0)[0m
  [4;35;1mSQL (0.002086)[0m   [0mUPDATE schema_info SET version = 0[0m
  [4;36;1mSQL (0.000246)[0m   [0;1mselect sqlite_version(*)[0m
  [4;35;1mSQL (0.000000)[0m   [0mSQLite3::SQLException: table schema_info already exists: CREATE TABLE schema_info (version integer)[0m
  [4;36;1mSQL (0.000496)[0m   [0;1mSELECT * FROM schema_info[0m
  [4;35;1mSQL (0.000480)[0m   [0m SELECT name
 FROM sqlite_master
 WHERE type = 'table' AND NOT name = 'sqlite_sequence'
[0m
  [4;36;1mSQL (0.000407)[0m   [0;1mselect sqlite_version(*)[0m
  [4;35;1mSQL (0.006762)[0m   [0mCREATE TABLE schema_info (version integer)[0m
  [4;36;1mSQL (0.004028)[0m   [0;1mINSERT INTO schema_info (version) VALUES(0)[0m
  [4;35;1mSQL (0.005824)[0m   [0mUPDATE schema_info SET version = 0[0m
  [4;36;1mSQL (0.000516)[0m   [0;1mselect sqlite_version(*)[0m
  [4;35;1mSQL (0.000000)[0m   [0mSQLite3::SQLException: table schema_info already exists: CREATE TABLE schema_info (version integer)[0m
  [4;36;1mSQL (0.000272)[0m   [0;1mSELECT * FROM schema_info[0m
  [4;35;1mSQL (0.000219)[0m   [0m SELECT name
 FROM sqlite_master
 WHERE type = 'table' AND NOT name = 'sqlite_sequence'
[0m
  [4;36;1mSQL (0.000357)[0m   [0;1mselect sqlite_version(*)[0m
  [4;35;1mSQL (0.010654)[0m   [0mCREATE TABLE schema_info (version integer)[0m
  [4;36;1mSQL (0.002792)[0m   [0;1mINSERT INTO schema_info (version) VALUES(0)[0m
  [4;35;1mSQL (0.003382)[0m   [0mUPDATE schema_info SET version = 0[0m
  [4;36;1mSQL (0.000245)[0m   [0;1mselect sqlite_version(*)[0m
  [4;35;1mSQL (0.000000)[0m   [0mSQLite3::SQLException: table schema_info already exists: CREATE TABLE schema_info (version integer)[0m
  [4;36;1mSQL (0.000242)[0m   [0;1mSELECT * FROM schema_info[0m
  [4;35;1mSQL (0.000216)[0m   [0m SELECT name
 FROM sqlite_master
 WHERE type = 'table' AND NOT name = 'sqlite_sequence'
[0m
  [4;36;1mSQL (0.001306)[0m   [0;1mselect sqlite_version(*)[0m
  [4;35;1mSQL (0.003342)[0m   [0mCREATE TABLE schema_info (version integer)[0m
  [4;36;1mSQL (0.003075)[0m   [0;1mINSERT INTO schema_info (version) VALUES(0)[0m
  [4;35;1mSQL (0.003105)[0m   [0mUPDATE schema_info SET version = 0[0m
  [4;36;1mSQL (0.000263)[0m   [0;1mselect sqlite_version(*)[0m
  [4;35;1mSQL (0.000000)[0m   [0mSQLite3::SQLException: table schema_info already exists: CREATE TABLE schema_info (version integer)[0m
  [4;36;1mSQL (0.000280)[0m   [0;1mSELECT * FROM schema_info[0m
  [4;35;1mSQL (0.000234)[0m   [0m SELECT name
 FROM sqlite_master
 WHERE type = 'table' AND NOT name = 'sqlite_sequence'
[0m
  [4;36;1mSQL (0.000249)[0m   [0;1mselect sqlite_version(*)[0m
  [4;35;1mSQL (0.004023)[0m   [0mCREATE TABLE schema_info (version integer)[0m
  [4;36;1mSQL (0.002259)[0m   [0;1mINSERT INTO schema_info (version) VALUES(0)[0m
  [4;35;1mSQL (0.003626)[0m   [0mUPDATE schema_info SET version = 0[0m
  [4;36;1mSQL (0.000261)[0m   [0;1mselect sqlite_version(*)[0m
  [4;35;1mSQL (0.000000)[0m   [0mSQLite3::SQLException: table schema_info already exists: CREATE TABLE schema_info (version integer)[0m
  [4;36;1mSQL (0.000511)[0m   [0;1mSELECT * FROM schema_info[0m
  [4;35;1mSQL (0.000488)[0m   [0m SELECT name
 FROM sqlite_master
 WHERE type = 'table' AND NOT name = 'sqlite_sequence'
[0m
  [4;36;1mSQL (0.000259)[0m   [0;1mselect sqlite_version(*)[0m
  [4;35;1mSQL (0.003306)[0m   [0mCREATE TABLE schema_info (version integer)[0m
  [4;36;1mSQL (0.002534)[0m   [0;1mINSERT INTO schema_info (version) VALUES(0)[0m
  [4;35;1mSQL (0.005288)[0m   [0mUPDATE schema_info SET version = 0[0m
  [4;36;1mSQL (0.000237)[0m   [0;1mselect sqlite_version(*)[0m
  [4;35;1mSQL (0.000000)[0m   [0mSQLite3::SQLException: table schema_info already exists: CREATE TABLE schema_info (version integer)[0m
  [4;36;1mSQL (0.000240)[0m   [0;1mSELECT * FROM schema_info[0m
  [4;35;1mSQL (0.000215)[0m   [0m SELECT name
 FROM sqlite_master
 WHERE type = 'table' AND NOT name = 'sqlite_sequence'
[0m
  [4;36;1mSQL (0.000298)[0m   [0;1mselect sqlite_version(*)[0m
  [4;35;1mSQL (0.011069)[0m   [0mCREATE TABLE schema_info (version integer)[0m
  [4;36;1mSQL (0.002500)[0m   [0;1mINSERT INTO schema_info (version) VALUES(0)[0m
  [4;35;1mSQL (0.003344)[0m   [0mUPDATE schema_info SET version = 0[0m
  [4;36;1mSQL (0.000253)[0m   [0;1mselect sqlite_version(*)[0m
  [4;35;1mSQL (0.000000)[0m   [0mSQLite3::SQLException: table schema_info already exists: CREATE TABLE schema_info (version integer)[0m
  [4;36;1mSQL (0.000242)[0m   [0;1mSELECT * FROM schema_info[0m
  [4;35;1mSQL (0.000217)[0m   [0m SELECT name
 FROM sqlite_master
 WHERE type = 'table' AND NOT name = 'sqlite_sequence'
[0m
  [4;36;1mSQL (0.000190)[0m   [0;1mselect sqlite_version(*)[0m
  [4;35;1mSQL (0.005477)[0m   [0mCREATE TABLE schema_info (version integer)[0m
  [4;36;1mSQL (0.002956)[0m   [0;1mINSERT INTO schema_info (version) VALUES(0)[0m
  [4;35;1mSQL (0.003282)[0m   [0mUPDATE schema_info SET version = 0[0m
  [4;36;1mSQL (0.000538)[0m   [0;1mselect sqlite_version(*)[0m
  [4;35;1mSQL (0.000000)[0m   [0mSQLite3::SQLException: table schema_info already exists: CREATE TABLE schema_info (version integer)[0m
  [4;36;1mSQL (0.000507)[0m   [0;1mSELECT * FROM schema_info[0m
  [4;35;1mSQL (0.000479)[0m   [0m SELECT name
 FROM sqlite_master
 WHERE type = 'table' AND NOT name = 'sqlite_sequence'
[0m
  [4;36;1mSQL (0.000294)[0m   [0;1mselect sqlite_version(*)[0m
  [4;35;1mSQL (0.006835)[0m   [0mCREATE TABLE schema_info (version integer)[0m
  [4;36;1mSQL (0.003674)[0m   [0;1mINSERT INTO schema_info (version) VALUES(0)[0m
  [4;35;1mSQL (0.003357)[0m   [0mUPDATE schema_info SET version = 0[0m
  [4;36;1mSQL (0.000254)[0m   [0;1mselect sqlite_version(*)[0m
  [4;35;1mSQL (0.000000)[0m   [0mSQLite3::SQLException: table schema_info already exists: CREATE TABLE schema_info (version integer)[0m
  [4;36;1mSQL (0.000305)[0m   [0;1mSELECT * FROM schema_info[0m
  [4;35;1mSQL (0.000225)[0m   [0m SELECT name
 FROM sqlite_master
 WHERE type = 'table' AND NOT name = 'sqlite_sequence'
[0m
  [4;36;1mSQL (0.000207)[0m   [0;1mselect sqlite_version(*)[0m
  [4;35;1mSQL (0.003647)[0m   [0mCREATE TABLE schema_info (version integer)[0m
  [4;36;1mSQL (0.002547)[0m   [0;1mINSERT INTO schema_info (version) VALUES(0)[0m
  [4;35;1mSQL (0.002695)[0m   [0mUPDATE schema_info SET version = 0[0m
  [4;36;1mSQL (0.000523)[0m   [0;1mselect sqlite_version(*)[0m
  [4;35;1mSQL (0.000000)[0m   [0mSQLite3::SQLException: table schema_info already exists: CREATE TABLE schema_info (version integer)[0m
  [4;36;1mSQL (0.000235)[0m   [0;1mSELECT * FROM schema_info[0m
  [4;35;1mSQL (0.000214)[0m   [0m SELECT name
 FROM sqlite_master
 WHERE type = 'table' AND NOT name = 'sqlite_sequence'
[0m
  [4;36;1mSQL (0.000204)[0m   [0;1mselect sqlite_version(*)[0m
  [4;35;1mSQL (0.005169)[0m   [0mCREATE TABLE schema_info (version integer)[0m
  [4;36;1mSQL (0.004106)[0m   [0;1mINSERT INTO schema_info (version) VALUES(0)[0m
  [4;35;1mSQL (0.004095)[0m   [0mUPDATE schema_info SET version = 0[0m
  [4;36;1mSQL (0.000243)[0m   [0;1mselect sqlite_version(*)[0m
  [4;35;1mSQL (0.000000)[0m   [0mSQLite3::SQLException: table schema_info already exists: CREATE TABLE schema_info (version integer)[0m
  [4;36;1mSQL (0.000231)[0m   [0;1mSELECT * FROM schema_info[0m
  [4;35;1mSQL (0.000479)[0m   [0m SELECT name
 FROM sqlite_master
 WHERE type = 'table' AND NOT name = 'sqlite_sequence'
[0m
  [4;36;1mSQL (0.000286)[0m   [0;1mselect sqlite_version(*)[0m
  [4;35;1mSQL (0.004888)[0m   [0mCREATE TABLE schema_info (version integer)[0m
  [4;36;1mSQL (0.003881)[0m   [0;1mINSERT INTO schema_info (version) VALUES(0)[0m
  [4;35;1mSQL (0.003852)[0m   [0mUPDATE schema_info SET version = 0[0m
  [4;36;1mSQL (0.000385)[0m   [0;1mselect sqlite_version(*)[0m
  [4;35;1mSQL (0.000000)[0m   [0mSQLite3::SQLException: table schema_info already exists: CREATE TABLE schema_info (version integer)[0m
  [4;36;1mSQL (0.000543)[0m   [0;1mSELECT * FROM schema_info[0m
  [4;35;1mSQL (0.000478)[0m   [0m SELECT name
 FROM sqlite_master
 WHERE type = 'table' AND NOT name = 'sqlite_sequence'
[0m
  [4;36;1mSQL (0.000215)[0m   [0;1mselect sqlite_version(*)[0m
  [4;35;1mSQL (0.005145)[0m   [0mCREATE TABLE schema_info (version integer)[0m
  [4;36;1mSQL (0.003878)[0m   [0;1mINSERT INTO schema_info (version) VALUES(0)[0m
  [4;35;1mSQL (0.003804)[0m   [0mUPDATE schema_info SET version = 0[0m
  [4;36;1mSQL (0.000390)[0m   [0;1mselect sqlite_version(*)[0m
  [4;35;1mSQL (0.000000)[0m   [0mSQLite3::SQLException: table schema_info already exists: CREATE TABLE schema_info (version integer)[0m
  [4;36;1mSQL (0.000438)[0m   [0;1mSELECT * FROM schema_info[0m
  [4;35;1mSQL (0.000478)[0m   [0m SELECT name
 FROM sqlite_master
 WHERE type = 'table' AND NOT name = 'sqlite_sequence'
[0m
  [4;36;1mSQL (0.000272)[0m   [0;1mselect sqlite_version(*)[0m
  [4;35;1mSQL (0.004480)[0m   [0mCREATE TABLE schema_info (version integer)[0m
  [4;36;1mSQL (0.002344)[0m   [0;1mINSERT INTO schema_info (version) VALUES(0)[0m
  [4;35;1mSQL (0.004519)[0m   [0mUPDATE schema_info SET version = 0[0m
  [4;36;1mSQL (0.000367)[0m   [0;1mselect sqlite_version(*)[0m
  [4;35;1mSQL (0.000000)[0m   [0mSQLite3::SQLException: table schema_info already exists: CREATE TABLE schema_info (version integer)[0m
  [4;36;1mSQL (0.000318)[0m   [0;1mSELECT * FROM schema_info[0m
  [4;35;1mSQL (0.000283)[0m   [0m SELECT name
 FROM sqlite_master
 WHERE type = 'table' AND NOT name = 'sqlite_sequence'
[0m
  [4;36;1mSQL (0.000226)[0m   [0;1mselect sqlite_version(*)[0m
  [4;35;1mSQL (0.005739)[0m   [0mCREATE TABLE schema_info (version integer)[0m
  [4;36;1mSQL (0.003816)[0m   [0;1mINSERT INTO schema_info (version) VALUES(0)[0m
  [4;35;1mSQL (0.004333)[0m   [0mUPDATE schema_info SET version = 0[0m
  [4;36;1mSQL (0.000260)[0m   [0;1mselect sqlite_version(*)[0m
  [4;35;1mSQL (0.000000)[0m   [0mSQLite3::SQLException: table schema_info already exists: CREATE TABLE schema_info (version integer)[0m
  [4;36;1mSQL (0.000255)[0m   [0;1mSELECT * FROM schema_info[0m
  [4;35;1mSQL (0.000237)[0m   [0m SELECT name
 FROM sqlite_master
 WHERE type = 'table' AND NOT name = 'sqlite_sequence'
[0m
  [4;36;1mSQL (0.000425)[0m   [0;1mselect sqlite_version(*)[0m
  [4;35;1mSQL (0.005057)[0m   [0mCREATE TABLE schema_info (version integer)[0m
  [4;36;1mSQL (0.003172)[0m   [0;1mINSERT INTO schema_info (version) VALUES(0)[0m
  [4;35;1mSQL (0.003832)[0m   [0mUPDATE schema_info SET version = 0[0m
  [4;36;1mSQL (0.000257)[0m   [0;1mselect sqlite_version(*)[0m
  [4;35;1mSQL (0.000000)[0m   [0mSQLite3::SQLException: table schema_info already exists: CREATE TABLE schema_info (version integer)[0m
  [4;36;1mSQL (0.000383)[0m   [0;1mSELECT * FROM schema_info[0m
  [4;35;1mSQL (0.000251)[0m   [0m SELECT name
 FROM sqlite_master
 WHERE type = 'table' AND NOT name = 'sqlite_sequence'
[0m
  [4;36;1mSQL (0.000321)[0m   [0;1mselect sqlite_version(*)[0m
  [4;35;1mSQL (0.004641)[0m   [0mCREATE TABLE schema_info (version integer)[0m
  [4;36;1mSQL (0.004836)[0m   [0;1mINSERT INTO schema_info (version) VALUES(0)[0m
  [4;35;1mSQL (0.004402)[0m   [0mUPDATE schema_info SET version = 0[0m
  [4;36;1mSQL (0.000262)[0m   [0;1mselect sqlite_version(*)[0m
  [4;35;1mSQL (0.000000)[0m   [0mSQLite3::SQLException: table schema_info already exists: CREATE TABLE schema_info (version integer)[0m
  [4;36;1mSQL (0.000243)[0m   [0;1mSELECT * FROM schema_info[0m
  [4;35;1mSQL (0.000219)[0m   [0m SELECT name
 FROM sqlite_master
 WHERE type = 'table' AND NOT name = 'sqlite_sequence'
[0m
  [4;36;1mSQL (0.000219)[0m   [0;1mselect sqlite_version(*)[0m
  [4;35;1mSQL (0.004175)[0m   [0mCREATE TABLE schema_info (version integer)[0m
  [4;36;1mSQL (0.004908)[0m   [0;1mINSERT INTO schema_info (version) VALUES(0)[0m
  [4;35;1mSQL (0.004654)[0m   [0mUPDATE schema_info SET version = 0[0m
  [4;36;1mSQL (0.000272)[0m   [0;1mselect sqlite_version(*)[0m
  [4;35;1mSQL (0.000000)[0m   [0mSQLite3::SQLException: table schema_info already exists: CREATE TABLE schema_info (version integer)[0m
  [4;36;1mSQL (0.000251)[0m   [0;1mSELECT * FROM schema_info[0m
  [4;35;1mSQL (0.000220)[0m   [0m SELECT name
 FROM sqlite_master
 WHERE type = 'table' AND NOT name = 'sqlite_sequence'
[0m
  [4;36;1mSQL (0.000209)[0m   [0;1mselect sqlite_version(*)[0m
  [4;35;1mSQL (0.003540)[0m   [0mCREATE TABLE schema_info (version integer)[0m
  [4;36;1mSQL (0.003095)[0m   [0;1mINSERT INTO schema_info (version) VALUES(0)[0m
  [4;35;1mSQL (0.005010)[0m   [0mUPDATE schema_info SET version = 0[0m
